Added Component: Designator=C5(C0603)
Add component (AddParameter): Name = "Footprint Type"; Value = "SMD"; VariantName = "[No Variations]"
Add component (AddParameter): Name = "ID"; Value = "1234"; VariantName = "[No Variations]"
Add component (AddParameter): Name = "LCPN"; Value = "C187860"; VariantName = "[No Variations]"
Add component (AddParameter): Name = "MFPN"; Value = "0603B104K500NT"; VariantName = "[No Variations]"
Add component (AddParameter): Name = "Symbol"; Value = "Capacitor"; VariantName = "[No Variations]"
Add component (AddParameter): Name = "Type"; Value = "Capacitors"; VariantName = "[No Variations]"
Add component (AddParameter): Name = "URL"; Value = "https://lcsc.com/product-detail/Multilayer-Ceramic-Capacitors-MLCC-SMD-SMT_YAGEO-CC0603KRX7R9BB104_C14663.html"; VariantName = "[No Variations]"
Add component (AddParameter): Name = "Value"; Value = "100n"; VariantName = "[No Variations]"
Added Component: Designator=C10(C0603)
Add component (AddParameter): Name = "Footprint Type"; Value = "SMD"; VariantName = "[No Variations]"
Add component (AddParameter): Name = "ID"; Value = "1218"; VariantName = "[No Variations]"
Add component (AddParameter): Name = "LCPN"; Value = "C53987"; VariantName = "[No Variations]"
Add component (AddParameter): Name = "MFPN"; Value = "0603B472K500NT"; VariantName = "[No Variations]"
Add component (AddParameter): Name = "Symbol"; Value = "Capacitor"; VariantName = "[No Variations]"
Add component (AddParameter): Name = "Type"; Value = "Capacitors"; VariantName = "[No Variations]"
Add component (AddParameter): Name = "Value"; Value = "4.7n"; VariantName = "[No Variations]"
Added Component: Designator=C13(C0603)
Add component (AddParameter): Name = "Footprint Type"; Value = "SMD"; VariantName = "[No Variations]"
Add component (AddParameter): Name = "ID"; Value = "1144"; VariantName = "[No Variations]"
Add component (AddParameter): Name = "LCPN"; Value = "C21895"; VariantName = "[No Variations]"
Add component (AddParameter): Name = "MFPN"; Value = "CL10C020CB8NNNC"; VariantName = "[No Variations]"
Add component (AddParameter): Name = "Symbol"; Value = "Capacitor"; VariantName = "[No Variations]"
Add component (AddParameter): Name = "Type"; Value = "Capacitors"; VariantName = "[No Variations]"
Add component (AddParameter): Name = "URL"; Value = "https://lcsc.com/product-detail/Multilayer-Ceramic-Capacitors-MLCC-SMD-SMT_SAMSUNG_CL10C020CB8NNNC_2-0pF-020-0-25pF-50V_C21895.html"; VariantName = "[No Variations]"
Add component (AddParameter): Name = "Value"; Value = "2.0p"; VariantName = "[No Variations]"
Added Component: Designator=DA2(SO-16)
Add component (AddParameter): Name = "Footprint Type"; Value = "SMD"; VariantName = "[No Variations]"
Add component (AddParameter): Name = "Group"; Value = "Микросхемы"; VariantName = "[No Variations]"
Add component (AddParameter): Name = "ID"; Value = "3620"; VariantName = "[No Variations]"
Add component (AddParameter): Name = "LCPN"; Value = "C441720"; VariantName = "[No Variations]"
Add component (AddParameter): Name = "LCSC_PartNumber"; Value = "C441720"; VariantName = "[No Variations]"
Add component (AddParameter): Name = "Manufacturer"; Value = "Sam&wing"; VariantName = "[No Variations]"
Add component (AddParameter): Name = "MFPN"; Value = "XW09A"; VariantName = "[No Variations]"
Add component (AddParameter): Name = "Name"; Value = "XW09A"; VariantName = "[No Variations]"
Add component (AddParameter): Name = "Supplier"; Value = "LC"; VariantName = "[No Variations]"
Add component (AddParameter): Name = "Symbol"; Value = "XW09X"; VariantName = "[No Variations]"
Add component (AddParameter): Name = "Type"; Value = "Microschemes"; VariantName = "[No Variations]"
Add component (AddParameter): Name = "URL"; Value = "https://lcsc.com/product-detail/Touch-Screen-Controller-ICs_Sam-wing-XW09A_C441720.html"; VariantName = "[No Variations]"
Add component (AddParameter): Name = "Value"; Value = "XW09A"; VariantName = "[No Variations]"
Added Component: Designator=R24(R0603)
Add component (AddParameter): Name = "Footprint Type"; Value = "SMD"; VariantName = "[No Variations]"
Add component (AddParameter): Name = "ID"; Value = "73"; VariantName = "[No Variations]"
Add component (AddParameter): Name = "LCPN"; Value = "C115325"; VariantName = "[No Variations]"
Add component (AddParameter): Name = "Manufacturer"; Value = "FH(Guangdong Fenghua Advanced Tech)"; VariantName = "[No Variations]"
Add component (AddParameter): Name = "MFPN"; Value = "RS-03K1002FT"; VariantName = "[No Variations]"
Add component (AddParameter): Name = "Supplier"; Value = "JLC"; VariantName = "[No Variations]"
Add component (AddParameter): Name = "Symbol"; Value = "Resistor"; VariantName = "[No Variations]"
Add component (AddParameter): Name = "Type"; Value = "Resistors"; VariantName = "[No Variations]"
Add component (AddParameter): Name = "URL"; Value = "https://lcsc.com/product-detail/Chip-Resistor-Surface-Mount_FH-Guangdong-Fenghua-Advanced-Tech-RS-03K1001FT_C115325.html"; VariantName = "[No Variations]"
Add component (AddParameter): Name = "Value"; Value = "1K"; VariantName = "[No Variations]"
Added Component: Designator=R25(R0603)
Add component (AddParameter): Name = "Footprint Type"; Value = "SMD"; VariantName = "[No Variations]"
Add component (AddParameter): Name = "ID"; Value = "73"; VariantName = "[No Variations]"
Add component (AddParameter): Name = "LCPN"; Value = "C115325"; VariantName = "[No Variations]"
Add component (AddParameter): Name = "Manufacturer"; Value = "FH(Guangdong Fenghua Advanced Tech)"; VariantName = "[No Variations]"
Add component (AddParameter): Name = "MFPN"; Value = "RS-03K1002FT"; VariantName = "[No Variations]"
Add component (AddParameter): Name = "Supplier"; Value = "JLC"; VariantName = "[No Variations]"
Add component (AddParameter): Name = "Symbol"; Value = "Resistor"; VariantName = "[No Variations]"
Add component (AddParameter): Name = "Type"; Value = "Resistors"; VariantName = "[No Variations]"
Add component (AddParameter): Name = "URL"; Value = "https://lcsc.com/product-detail/Chip-Resistor-Surface-Mount_FH-Guangdong-Fenghua-Advanced-Tech-RS-03K1001FT_C115325.html"; VariantName = "[No Variations]"
Add component (AddParameter): Name = "Value"; Value = "1K"; VariantName = "[No Variations]"
Added Component: Designator=R28(R0603)
Add component (AddParameter): Name = "Footprint Type"; Value = "SMD"; VariantName = "[No Variations]"
Add component (AddParameter): Name = "ID"; Value = "73"; VariantName = "[No Variations]"
Add component (AddParameter): Name = "LCPN"; Value = "C115325"; VariantName = "[No Variations]"
Add component (AddParameter): Name = "Manufacturer"; Value = "FH(Guangdong Fenghua Advanced Tech)"; VariantName = "[No Variations]"
Add component (AddParameter): Name = "MFPN"; Value = "RS-03K1002FT"; VariantName = "[No Variations]"
Add component (AddParameter): Name = "Supplier"; Value = "JLC"; VariantName = "[No Variations]"
Add component (AddParameter): Name = "Symbol"; Value = "Resistor"; VariantName = "[No Variations]"
Add component (AddParameter): Name = "Type"; Value = "Resistors"; VariantName = "[No Variations]"
Add component (AddParameter): Name = "URL"; Value = "https://lcsc.com/product-detail/Chip-Resistor-Surface-Mount_FH-Guangdong-Fenghua-Advanced-Tech-RS-03K1001FT_C115325.html"; VariantName = "[No Variations]"
Add component (AddParameter): Name = "Value"; Value = "1K"; VariantName = "[No Variations]"
Added Component: Designator=R31(R0603)
Add component (AddParameter): Name = "Footprint Type"; Value = "SMD"; VariantName = "[No Variations]"
Add component (AddParameter): Name = "ID"; Value = "73"; VariantName = "[No Variations]"
Add component (AddParameter): Name = "LCPN"; Value = "C115325"; VariantName = "[No Variations]"
Add component (AddParameter): Name = "Manufacturer"; Value = "FH(Guangdong Fenghua Advanced Tech)"; VariantName = "[No Variations]"
Add component (AddParameter): Name = "MFPN"; Value = "RS-03K1002FT"; VariantName = "[No Variations]"
Add component (AddParameter): Name = "Supplier"; Value = "JLC"; VariantName = "[No Variations]"
Add component (AddParameter): Name = "Symbol"; Value = "Resistor"; VariantName = "[No Variations]"
Add component (AddParameter): Name = "Type"; Value = "Resistors"; VariantName = "[No Variations]"
Add component (AddParameter): Name = "URL"; Value = "https://lcsc.com/product-detail/Chip-Resistor-Surface-Mount_FH-Guangdong-Fenghua-Advanced-Tech-RS-03K1001FT_C115325.html"; VariantName = "[No Variations]"
Add component (AddParameter): Name = "Value"; Value = "1K"; VariantName = "[No Variations]"
Added Pin To Net: NetName=GND Pin=C5-1
Added Pin To Net: NetName=3.3V Pin=C5-2
Added Pin To Net: NetName=NetC10_1 Pin=C10-1
Added Pin To Net: NetName=GND Pin=C10-2
Added Pin To Net: NetName=NetC13_1 Pin=C13-1
Added Pin To Net: NetName=GND Pin=C13-2
Added Pin To Net: NetName=GND Pin=DA2-1
Added Pin To Net: NetName=NetC10_1 Pin=DA2-2
Added Pin To Net: NetName=NetC13_1 Pin=DA2-3
Added Pin To Net: NetName=NetDA2_4 Pin=DA2-4
Added Pin To Net: NetName=NetDA2_5 Pin=DA2-5
Added Pin To Net: NetName=NetDA2_6 Pin=DA2-6
Added Pin To Net: NetName=NetDA2_7 Pin=DA2-7
Added Pin To Net: NetName=TOUCH_INT Pin=DA2-13
Added Pin To Net: NetName=SCL Pin=DA2-14
Added Pin To Net: NetName=SDA Pin=DA2-15
Added Pin To Net: NetName=NetC18_2 Pin=DA2-16
Added Pin To Net: NetName=NetR24_1 Pin=R24-1
Added Pin To Net: NetName=NetDA2_4 Pin=R24-2
Added Pin To Net: NetName=NetR25_1 Pin=R25-1
Added Pin To Net: NetName=NetDA2_5 Pin=R25-2
Added Pin To Net: NetName=NetR28_1 Pin=R28-1
Added Pin To Net: NetName=NetDA2_6 Pin=R28-2
Added Pin To Net: NetName=NetR31_1 Pin=R31-1
Added Pin To Net: NetName=NetDA2_7 Pin=R31-2
Added Member To Class: ClassName=Convector_digit Member=Component C5 100n
Added Member To Class: ClassName=Convector_digit Member=Component C10 4.7n
Added Member To Class: ClassName=Convector_digit Member=Component C13 2.0p
Added Member To Class: ClassName=Convector_digit Member=Component DA2 XW09A
Added Member To Class: ClassName=Convector_digit Member=Component R24 1K
Added Member To Class: ClassName=Convector_digit Member=Component R25 1K
Added Member To Class: ClassName=Convector_digit Member=Component R28 1K
Added Member To Class: ClassName=Convector_digit Member=Component R31 1K
