Change Component Designator: Old Designator=C3 New Designator=C10
Change Component Designator: Old Designator=C4 New Designator=C11
Change Component Designator: Old Designator=C5 New Designator=C12
Change Component Designator: Old Designator=C6 New Designator=C13
Change Component Designator: Old Designator=C7 New Designator=C6
Change Component Designator: Old Designator=C9 New Designator=C8
Change Component Designator: Old Designator=C12 New Designator=C7
Change Component Designator: Old Designator=C16 New Designator=C9
Change Component Designator: Old Designator=C21 New Designator=C14
Change Component Designator: Old Designator=C22 New Designator=C15
Change Component Designator: Old Designator=C24 New Designator=C3
Change Component Designator: Old Designator=C25 New Designator=C4
Change Component Designator: Old Designator=C26 New Designator=C5
Change Component Designator: Old Designator=DA1 New Designator=DA2
Change Component Designator: Old Designator=DA5 New Designator=DA1
Change Component Designator: Old Designator=DD1 New Designator=DD3
Change Component Designator: Old Designator=DD2 New Designator=DD1
Change Component Designator: Old Designator=DD3 New Designator=DD2
Change Component Designator: Old Designator=HL2 New Designator=HL20
Change Component Designator: Old Designator=HL4 New Designator=HL17
Change Component Designator: Old Designator=HL5 New Designator=HL16
Change Component Designator: Old Designator=HL6 New Designator=HL15
Change Component Designator: Old Designator=HL? New Designator=HL1
Change Component Designator: Old Designator=HL? New Designator=HL2
Change Component Designator: Old Designator=HL? New Designator=HL3
Change Component Designator: Old Designator=HL? New Designator=HL4
Change Component Designator: Old Designator=HL? New Designator=HL5
Change Component Designator: Old Designator=HL? New Designator=HL6
Change Component Designator: Old Designator=HL? New Designator=HL7
Change Component Designator: Old Designator=HL? New Designator=HL8
Change Component Designator: Old Designator=HL? New Designator=HL9
Change Component Designator: Old Designator=HL? New Designator=HL10
Change Component Designator: Old Designator=HL? New Designator=HL11
Change Component Designator: Old Designator=HL? New Designator=HL12
Change Component Designator: Old Designator=HL? New Designator=HL13
Change Component Designator: Old Designator=HL? New Designator=HL14
Change Component Designator: Old Designator=HL? New Designator=HL18
Change Component Designator: Old Designator=HL? New Designator=HL19
Change Component Designator: Old Designator=R4 New Designator=R7
Change Component Designator: Old Designator=R11 New Designator=R13
Change Component Designator: Old Designator=R12 New Designator=R24
Change Component Designator: Old Designator=R13 New Designator=R11
Change Component Designator: Old Designator=R14 New Designator=R12
Change Component Designator: Old Designator=R15 New Designator=R19
Change Component Designator: Old Designator=R16 New Designator=R25
Change Component Designator: Old Designator=R17 New Designator=R21
Change Component Designator: Old Designator=R18 New Designator=R2
Change Component Designator: Old Designator=R19 New Designator=R23
Change Component Designator: Old Designator=R21 New Designator=R28
Change Component Designator: Old Designator=R23 New Designator=R30
Change Component Designator: Old Designator=R24 New Designator=R26
Change Component Designator: Old Designator=R25 New Designator=R27
Change Component Designator: Old Designator=R26 New Designator=R29
Change Component Designator: Old Designator=R27 New Designator=R31
Change Component Designator: Old Designator=R28 New Designator=R18
Change Component Designator: Old Designator=R29 New Designator=R17
Change Component Designator: Old Designator=R30 New Designator=R16
Change Component Designator: Old Designator=R31 New Designator=R15
Change Component Designator: Old Designator=R32 New Designator=R14
Change Component Designator: Old Designator=R? New Designator=R1
Change Component Designator: Old Designator=R? New Designator=R3
Change Component Designator: Old Designator=R? New Designator=R4
Change Component Designator: Old Designator=R? New Designator=R5
Change Component Designator: Old Designator=R? New Designator=R6
Change Component Designator: Old Designator=R? New Designator=R8
Change Component Designator: Old Designator=R? New Designator=R9
