Removed Member From Class: ClassName=Convector_digit Member=C24
Removed Member From Class: ClassName=Convector_digit Member=C25
Removed Member From Class: ClassName=Convector_digit Member=C26
Removed Member From Class: ClassName=Convector_digit Member=DA5
Removed Member From Class: ClassName=Convector_digit Member=R32
Removed Member From Class: ClassName=Convector_digit Member=R?
Change Component Designator: OldDesignator=C3 NewDesignator=C10
Change Component Designator: OldDesignator=C4 NewDesignator=C11
Change Component Designator: OldDesignator=C5 NewDesignator=C12
Change Component Designator: OldDesignator=C6 NewDesignator=C13
Change Component Designator: OldDesignator=C7 NewDesignator=C6
Change Component Designator: OldDesignator=C9 NewDesignator=C8
Change Component Designator: OldDesignator=C12 NewDesignator=C7
Change Component Designator: OldDesignator=C16 NewDesignator=C9
Change Component Designator: OldDesignator=C21 NewDesignator=C14
Change Component Designator: OldDesignator=C22 NewDesignator=C15
Change Component Designator: OldDesignator=C24 NewDesignator=C3
Change Component Designator: OldDesignator=C25 NewDesignator=C4
Change Component Designator: OldDesignator=C26 NewDesignator=C5
Change Component Designator: OldDesignator=DA1 NewDesignator=DA2
Change Component Designator: OldDesignator=DA5 NewDesignator=DA1
Change Component Designator: OldDesignator=DD1 NewDesignator=DD3
Change Component Designator: OldDesignator=DD2 NewDesignator=DD1
Change Component Designator: OldDesignator=DD3 NewDesignator=DD2
Change Component Designator: OldDesignator=HL2 NewDesignator=HL20
Change Component Designator: OldDesignator=HL4 NewDesignator=HL17
Change Component Designator: OldDesignator=HL5 NewDesignator=HL16
Change Component Designator: OldDesignator=HL6 NewDesignator=HL15
Change Component Designator: OldDesignator=HL? NewDesignator=HL1
Change Component Designator: OldDesignator=HL? NewDesignator=HL2
Change Component Designator: OldDesignator=HL? NewDesignator=HL3
Change Component Designator: OldDesignator=HL? NewDesignator=HL4
Change Component Designator: OldDesignator=HL? NewDesignator=HL5
Change Component Designator: OldDesignator=HL? NewDesignator=HL6
Change Component Designator: OldDesignator=HL? NewDesignator=HL7
Change Component Designator: OldDesignator=HL? NewDesignator=HL8
Change Component Designator: OldDesignator=HL? NewDesignator=HL9
Change Component Designator: OldDesignator=HL? NewDesignator=HL10
Change Component Designator: OldDesignator=HL? NewDesignator=HL11
Change Component Designator: OldDesignator=HL? NewDesignator=HL12
Change Component Designator: OldDesignator=HL? NewDesignator=HL13
Change Component Designator: OldDesignator=HL? NewDesignator=HL14
Change Component Designator: OldDesignator=HL? NewDesignator=HL18
Change Component Designator: OldDesignator=HL? NewDesignator=HL19
Change Component Designator: OldDesignator=R4 NewDesignator=R7
Change Component Designator: OldDesignator=R11 NewDesignator=R13
Change Component Designator: OldDesignator=R12 NewDesignator=R24
Change Component Designator: OldDesignator=R13 NewDesignator=R11
Change Component Designator: OldDesignator=R14 NewDesignator=R12
Change Component Designator: OldDesignator=R15 NewDesignator=R19
Change Component Designator: OldDesignator=R16 NewDesignator=R25
Change Component Designator: OldDesignator=R17 NewDesignator=R21
Change Component Designator: OldDesignator=R18 NewDesignator=R2
Change Component Designator: OldDesignator=R19 NewDesignator=R23
Change Component Designator: OldDesignator=R21 NewDesignator=R28
Change Component Designator: OldDesignator=R23 NewDesignator=R30
Change Component Designator: OldDesignator=R24 NewDesignator=R26
Change Component Designator: OldDesignator=R25 NewDesignator=R27
Change Component Designator: OldDesignator=R26 NewDesignator=R29
Change Component Designator: OldDesignator=R27 NewDesignator=R31
Change Component Designator: OldDesignator=R28 NewDesignator=R18
Change Component Designator: OldDesignator=R29 NewDesignator=R17
Change Component Designator: OldDesignator=R30 NewDesignator=R16
Change Component Designator: OldDesignator=R31 NewDesignator=R15
Change Component Designator: OldDesignator=R32 NewDesignator=R14
Change Component Designator: OldDesignator=R? NewDesignator=R1
Change Component Designator: OldDesignator=R? NewDesignator=R3
Change Component Designator: OldDesignator=R? NewDesignator=R4
Change Component Designator: OldDesignator=R? NewDesignator=R5
Change Component Designator: OldDesignator=R? NewDesignator=R6
Change Component Designator: OldDesignator=R? NewDesignator=R8
Change Component Designator: OldDesignator=R? NewDesignator=R9
Change Net Name : Old Net Name=NetC3_2 New Net Name=NetC10_2
Change Net Name : Old Net Name=NetC4_2 New Net Name=NetC11_2
Change Net Name : Old Net Name=NetC5_2 New Net Name=NetC12_2
Change Net Name : Old Net Name=NetC6_2 New Net Name=NetC13_2
Change Net Name : Old Net Name=NetC9_2 New Net Name=NetC8_2
Change Net Name : Old Net Name=NetC21_1 New Net Name=NetC14_1
Change Net Name : Old Net Name=NetC22_+ New Net Name=NetC15_+
Change Net Name : Old Net Name=NetDA1_4 New Net Name=NetDA2_4
Change Net Name : Old Net Name=NetDA1_5 New Net Name=NetDA2_5
Change Net Name : Old Net Name=NetDA1_6 New Net Name=NetDA2_6
Change Net Name : Old Net Name=NetDA1_7 New Net Name=NetDA2_7
Change Net Name : Old Net Name=NetDD2_1 New Net Name=NetDD1_1
Change Net Name : Old Net Name=NetDD2_2 New Net Name=NetDD1_2
Change Net Name : Old Net Name=NetDD2_3 New Net Name=NetDD1_3
Change Net Name : Old Net Name=NetDD2_4 New Net Name=NetDD1_4
Change Net Name : Old Net Name=NetDD2_5 New Net Name=NetDD1_5
Change Net Name : Old Net Name=NetDD2_6 New Net Name=NetDD1_6
Change Net Name : Old Net Name=NetDD2_9 New Net Name=NetDD1_9
Change Net Name : Old Net Name=NetDD2_15 New Net Name=NetDD1_15
Change Net Name : Old Net Name=NetDD3_1 New Net Name=NetDD2_1
Change Net Name : Old Net Name=NetDD3_2 New Net Name=NetDD2_2
Change Net Name : Old Net Name=NetDD3_3 New Net Name=NetDD2_3
Change Net Name : Old Net Name=NetDD3_4 New Net Name=NetDD2_4
Change Net Name : Old Net Name=NetDD3_5 New Net Name=NetDD2_5
Change Net Name : Old Net Name=NetHL4_A New Net Name=NetHL17_A
Change Net Name : Old Net Name=NetHL5_A New Net Name=NetHL16_A
Change Net Name : Old Net Name=NetHL6_A New Net Name=NetHL15_A
Change Net Name : Old Net Name=NetHL?_A New Net Name=NetHL18_A
Change Net Name : Old Net Name=NetHL?_C New Net Name=NetHL2_C
Change Net Name : Old Net Name=NetR12_1 New Net Name=NetR24_1
Change Net Name : Old Net Name=NetR13_1 New Net Name=NetR11_1
Change Net Name : Old Net Name=NetR16_1 New Net Name=NetR25_1
Change Net Name : Old Net Name=NetR21_1 New Net Name=NetR28_1
Change Net Name : Old Net Name=NetR27_1 New Net Name=NetR31_1
Added Pin To Net: NetName=NetHL1_C Pin=HL1-C
Added Pin To Net: NetName=NetHL1_C Pin=HL3-C
Added Pin To Net: NetName=NetHL1_C Pin=HL5-C
Added Pin To Net: NetName=NetHL1_C Pin=HL7-C
Added Pin To Net: NetName=NetHL1_C Pin=HL9-C
Added Pin To Net: NetName=NetHL1_C Pin=HL11-C
Added Pin To Net: NetName=NetHL1_C Pin=HL13-C
Added Pin To Net: NetName=NetHL1_C Pin=VT1-Y
Added Net: Name=NetHL1_C
Added Pin To Net: NetName=NetHL19_A Pin=HL19-A
Added Pin To Net: NetName=NetHL19_A Pin=R18-1
Added Net: Name=NetHL19_A
Added Member To Class: ClassName=Convector_digit Member=Component C10 4.7p
Added Member To Class: ClassName=Convector_digit Member=Component C11 12p
Added Member To Class: ClassName=Convector_digit Member=Component C13 4.7n
Added Member To Class: ClassName=Convector_digit Member=Component DA2 AI05
Added Member To Class: ClassName=Convector_digit Member=Component HL1 0603 White
Added Member To Class: ClassName=Convector_digit Member=Component HL3 0603 White
Added Member To Class: ClassName=Convector_digit Member=Component HL7 0603 White
Added Member To Class: ClassName=Convector_digit Member=Component HL8 0603 White
Added Member To Class: ClassName=Convector_digit Member=Component HL9 0603 White
Added Member To Class: ClassName=Convector_digit Member=Component HL10 0603 White
Added Member To Class: ClassName=Convector_digit Member=Component HL11 0603 White
Added Member To Class: ClassName=Convector_digit Member=Component HL12 0603 White
Added Member To Class: ClassName=Convector_digit Member=Component HL13 0603 White
Added Member To Class: ClassName=Convector_digit Member=Component HL15 0603 White
Added Member To Class: ClassName=Convector_digit Member=Component HL16 0603 White
Added Member To Class: ClassName=Convector_digit Member=Component HL17 0603 White
Added Member To Class: ClassName=Convector_digit Member=Component HL18 0603 White
Added Member To Class: ClassName=Convector_digit Member=Component HL19 0603 White
Added Member To Class: ClassName=Convector_digit Member=Component HL20 WS2812
Added Member To Class: ClassName=Convector_digit Member=Component R1 330
Added Member To Class: ClassName=Convector_digit Member=Component R3 330
Added Member To Class: ClassName=Convector_digit Member=Component R5 330
Added Member To Class: ClassName=Convector_digit Member=Component R6 330
Added Member To Class: ClassName=Convector_digit Member=Component R7 33K
Added Member To Class: ClassName=Convector_digit Member=Component R8 330
Added Member To Class: ClassName=Convector_digit Member=Component R9 330
Added Member To Class: ClassName=Convector_digit Member=Component R28 1K
