Added Member To Class: ClassName=Convector_digit Member=Component C3 10u
Added Member To Class: ClassName=Convector_digit Member=Component C4 10u
Added Member To Class: ClassName=Convector_digit Member=Component C5 100n
Added Member To Class: ClassName=Convector_digit Member=Component C6 100n
Added Member To Class: ClassName=Convector_digit Member=Component C12 12p
Added Member To Class: ClassName=Convector_digit Member=Component DA1 AZ1117EH-3.3
Added Member To Class: ClassName=Convector_digit Member=Component DD1 74HC595D
Added Member To Class: ClassName=Convector_digit Member=Component DD3 AiP8563
Added Member To Class: ClassName=Convector_digit Member=Component HL2 0603 White
Added Member To Class: ClassName=Convector_digit Member=Component HL4 0603 White
Added Member To Class: ClassName=Convector_digit Member=Component HL5 0603 White
Added Member To Class: ClassName=Convector_digit Member=Component HL6 0603 White
Added Member To Class: ClassName=Convector_digit Member=Component HL14 0603 White
Added Member To Class: ClassName=Convector_digit Member=Component R4 330
Added Member To Class: ClassName=Convector_digit Member=Component R13 100K
Added Member To Class: ClassName=Convector_digit Member=Component R14 330
Added Member To Class: ClassName=Convector_digit Member=Component R16 330
Added Member To Class: ClassName=Convector_digit Member=Component R19 33K
Added Member To Class: ClassName=Convector_digit Member=Component R21 5.1K
Added Member To Class: ClassName=Convector_digit Member=Component R23 5.0K
Added Member To Class: ClassName=Convector_digit Member=Component R24 1K
Added Member To Class: ClassName=Convector_digit Member=Component R26 4.7K
Added Member To Class: ClassName=Convector_digit Member=Component R27 4.7K
Added Member To Class: ClassName=Convector_digit Member=Component R28 1K
Added Member To Class: ClassName=Convector_digit Member=Component R30 1K
Added Member To Class: ClassName=Convector_digit Member=Component R31 1K
