Replace Part C1 Capacitor in C:\Users\kochn\Desktop\inprogress\BOARDS\Convector_digit\Convector_digit.SchDoc with Capacitor from IZTT_Library.DbLib
Replace Part C2 Capacitor in C:\Users\kochn\Desktop\inprogress\BOARDS\Convector_digit\Convector_digit.SchDoc with Capacitor from IZTT_Library.DbLib
Replace Part C3 Capacitor in C:\Users\kochn\Desktop\inprogress\BOARDS\Convector_digit\Convector_digit.SchDoc with Capacitor from IZTT_Library.DbLib
Replace Part C4 Capacitor in C:\Users\kochn\Desktop\inprogress\BOARDS\Convector_digit\Convector_digit.SchDoc with Capacitor from IZTT_Library.DbLib
Replace Part C5 Capacitor in C:\Users\kochn\Desktop\inprogress\BOARDS\Convector_digit\Convector_digit.SchDoc with Capacitor from IZTT_Library.DbLib
Replace Part C6 Capacitor in C:\Users\kochn\Desktop\inprogress\BOARDS\Convector_digit\Convector_digit.SchDoc with Capacitor from IZTT_Library.DbLib
Replace Part C7 Capacitor in C:\Users\kochn\Desktop\inprogress\BOARDS\Convector_digit\Convector_digit.SchDoc with Capacitor from IZTT_Library.DbLib
Replace Part C9 Capacitor in C:\Users\kochn\Desktop\inprogress\BOARDS\Convector_digit\Convector_digit.SchDoc with Capacitor from IZTT_Library.DbLib
Replace Part C12 Capacitor in C:\Users\kochn\Desktop\inprogress\BOARDS\Convector_digit\Convector_digit.SchDoc with Capacitor from IZTT_Library.DbLib
Replace Part C16 Capacitor in C:\Users\kochn\Desktop\inprogress\BOARDS\Convector_digit\Convector_digit.SchDoc with Capacitor from IZTT_Library.DbLib
Replace Part C21 Capacitor in C:\Users\kochn\Desktop\inprogress\BOARDS\Convector_digit\Convector_digit.SchDoc with Capacitor from IZTT_Library.DbLib
Replace Part C22 Capacitor_polarised in C:\Users\kochn\Desktop\inprogress\BOARDS\Convector_digit\Convector_digit.SchDoc with Capacitor_polarised from IZTT_Library.DbLib
Replace Part C24 Capacitor in C:\Users\kochn\Desktop\inprogress\BOARDS\Convector_digit\Convector_digit.SchDoc with Capacitor from IZTT_Library.DbLib
Replace Part C25 Capacitor in C:\Users\kochn\Desktop\inprogress\BOARDS\Convector_digit\Convector_digit.SchDoc with Capacitor from IZTT_Library.DbLib
Replace Part C26 Capacitor in C:\Users\kochn\Desktop\inprogress\BOARDS\Convector_digit\Convector_digit.SchDoc with Capacitor from IZTT_Library.DbLib
Replace Part DA1 AI05 in C:\Users\kochn\Desktop\inprogress\BOARDS\Convector_digit\Convector_digit.SchDoc with AI05 from IZTT_Library.DbLib
Replace Part DA5 LDO_1117 in C:\Users\kochn\Desktop\inprogress\BOARDS\Convector_digit\Convector_digit.SchDoc with LDO_1117 from IZTT_Library.DbLib
Replace Part DD1 AiP8563 in C:\Users\kochn\Desktop\inprogress\BOARDS\Convector_digit\Convector_digit.SchDoc with AiP8563 from IZTT_Library.DbLib
Replace Part DD2 74HC595D in C:\Users\kochn\Desktop\inprogress\BOARDS\Convector_digit\Convector_digit.SchDoc with 74HC595D from IZTT_Library.DbLib
Replace Part DD3 74HC595D in C:\Users\kochn\Desktop\inprogress\BOARDS\Convector_digit\Convector_digit.SchDoc with 74HC595D from IZTT_Library.DbLib
Replace Part HA1 Buzzer in C:\Users\kochn\Desktop\inprogress\BOARDS\Convector_digit\Convector_digit.SchDoc with Buzzer from IZTT_Library.DbLib
Replace Part HL1 7_segment_double_CK in C:\Users\kochn\Desktop\inprogress\BOARDS\Convector_digit\Convector_digit.SchDoc with 7_segment_double_CK from IZTT_Library.DbLib
Replace Part HL2 WS2812C-2020 in C:\Users\kochn\Desktop\inprogress\BOARDS\Convector_digit\Convector_digit.SchDoc with WS2812C-2020 from IZTT_Library.DbLib
Replace Part HL3 LED_2_in_1 in C:\Users\kochn\Desktop\inprogress\BOARDS\Convector_digit\Convector_digit.SchDoc with LED_2_in_1 from IZTT_Library.DbLib
Replace Part HL4 LED in C:\Users\kochn\Desktop\inprogress\BOARDS\Convector_digit\Convector_digit.SchDoc with LED from IZTT_Library.DbLib
Replace Part HL5 LED in C:\Users\kochn\Desktop\inprogress\BOARDS\Convector_digit\Convector_digit.SchDoc with LED from IZTT_Library.DbLib
Replace Part HL6 LED in C:\Users\kochn\Desktop\inprogress\BOARDS\Convector_digit\Convector_digit.SchDoc with LED from IZTT_Library.DbLib
Replace Part R1 Resistor in C:\Users\kochn\Desktop\inprogress\BOARDS\Convector_digit\Convector_digit.SchDoc with Resistor from IZTT_Library.DbLib
Replace Part R2 Resistor in C:\Users\kochn\Desktop\inprogress\BOARDS\Convector_digit\Convector_digit.SchDoc with Resistor from IZTT_Library.DbLib
Replace Part R3 Resistor in C:\Users\kochn\Desktop\inprogress\BOARDS\Convector_digit\Convector_digit.SchDoc with Resistor from IZTT_Library.DbLib
Replace Part R4 Resistor in C:\Users\kochn\Desktop\inprogress\BOARDS\Convector_digit\Convector_digit.SchDoc with Resistor from IZTT_Library.DbLib
Replace Part R5 Resistor in C:\Users\kochn\Desktop\inprogress\BOARDS\Convector_digit\Convector_digit.SchDoc with Resistor from IZTT_Library.DbLib
Replace Part R6 Resistor in C:\Users\kochn\Desktop\inprogress\BOARDS\Convector_digit\Convector_digit.SchDoc with Resistor from IZTT_Library.DbLib
Replace Part R7 Resistor in C:\Users\kochn\Desktop\inprogress\BOARDS\Convector_digit\Convector_digit.SchDoc with Resistor from IZTT_Library.DbLib
Replace Part R8 Resistor in C:\Users\kochn\Desktop\inprogress\BOARDS\Convector_digit\Convector_digit.SchDoc with Resistor from IZTT_Library.DbLib
Replace Part R9 Resistor in C:\Users\kochn\Desktop\inprogress\BOARDS\Convector_digit\Convector_digit.SchDoc with Resistor from IZTT_Library.DbLib
Replace Part R10 Resistor in C:\Users\kochn\Desktop\inprogress\BOARDS\Convector_digit\Convector_digit.SchDoc with Resistor from IZTT_Library.DbLib
Replace Part R11 Resistor in C:\Users\kochn\Desktop\inprogress\BOARDS\Convector_digit\Convector_digit.SchDoc with Resistor from IZTT_Library.DbLib
Replace Part R12 Resistor in C:\Users\kochn\Desktop\inprogress\BOARDS\Convector_digit\Convector_digit.SchDoc with Resistor from IZTT_Library.DbLib
Replace Part R13 Resistor in C:\Users\kochn\Desktop\inprogress\BOARDS\Convector_digit\Convector_digit.SchDoc with Resistor from IZTT_Library.DbLib
Replace Part R14 Resistor in C:\Users\kochn\Desktop\inprogress\BOARDS\Convector_digit\Convector_digit.SchDoc with Resistor from IZTT_Library.DbLib
Replace Part R15 Resistor in C:\Users\kochn\Desktop\inprogress\BOARDS\Convector_digit\Convector_digit.SchDoc with Resistor from IZTT_Library.DbLib
Replace Part R16 Resistor in C:\Users\kochn\Desktop\inprogress\BOARDS\Convector_digit\Convector_digit.SchDoc with Resistor from IZTT_Library.DbLib
Replace Part R17 Resistor in C:\Users\kochn\Desktop\inprogress\BOARDS\Convector_digit\Convector_digit.SchDoc with Resistor from IZTT_Library.DbLib
Replace Part R18 Resistor in C:\Users\kochn\Desktop\inprogress\BOARDS\Convector_digit\Convector_digit.SchDoc with Resistor from IZTT_Library.DbLib
Replace Part R19 Resistor_1/8W in C:\Users\kochn\Desktop\inprogress\BOARDS\Convector_digit\Convector_digit.SchDoc with Resistor_1/8W from IZTT_Library.DbLib
Replace Part R20 Resistor in C:\Users\kochn\Desktop\inprogress\BOARDS\Convector_digit\Convector_digit.SchDoc with Resistor from IZTT_Library.DbLib
Replace Part R21 Resistor in C:\Users\kochn\Desktop\inprogress\BOARDS\Convector_digit\Convector_digit.SchDoc with Resistor from IZTT_Library.DbLib
Replace Part R22 Resistor in C:\Users\kochn\Desktop\inprogress\BOARDS\Convector_digit\Convector_digit.SchDoc with Resistor from IZTT_Library.DbLib
Replace Part R23 Resistor in C:\Users\kochn\Desktop\inprogress\BOARDS\Convector_digit\Convector_digit.SchDoc with Resistor from IZTT_Library.DbLib
Replace Part R24 Resistor in C:\Users\kochn\Desktop\inprogress\BOARDS\Convector_digit\Convector_digit.SchDoc with Resistor from IZTT_Library.DbLib
Replace Part R25 Resistor in C:\Users\kochn\Desktop\inprogress\BOARDS\Convector_digit\Convector_digit.SchDoc with Resistor from IZTT_Library.DbLib
Replace Part R26 Resistor in C:\Users\kochn\Desktop\inprogress\BOARDS\Convector_digit\Convector_digit.SchDoc with Resistor from IZTT_Library.DbLib
Replace Part R27 Resistor in C:\Users\kochn\Desktop\inprogress\BOARDS\Convector_digit\Convector_digit.SchDoc with Resistor from IZTT_Library.DbLib
Replace Part R28 Resistor in C:\Users\kochn\Desktop\inprogress\BOARDS\Convector_digit\Convector_digit.SchDoc with Resistor from IZTT_Library.DbLib
Replace Part R29 Resistor in C:\Users\kochn\Desktop\inprogress\BOARDS\Convector_digit\Convector_digit.SchDoc with Resistor from IZTT_Library.DbLib
Replace Part R30 Resistor in C:\Users\kochn\Desktop\inprogress\BOARDS\Convector_digit\Convector_digit.SchDoc with Resistor from IZTT_Library.DbLib
Replace Part R31 Resistor in C:\Users\kochn\Desktop\inprogress\BOARDS\Convector_digit\Convector_digit.SchDoc with Resistor from IZTT_Library.DbLib
Replace Part R32 Resistor in C:\Users\kochn\Desktop\inprogress\BOARDS\Convector_digit\Convector_digit.SchDoc with Resistor from IZTT_Library.DbLib
Replace Part SW1 SENSOR_SPRING in C:\Users\kochn\Desktop\inprogress\BOARDS\Convector_digit\Convector_digit.SchDoc with SENSOR_SPRING from IZTT_Library.DbLib
Replace Part SW2 SENSOR_SPRING in C:\Users\kochn\Desktop\inprogress\BOARDS\Convector_digit\Convector_digit.SchDoc with SENSOR_SPRING from IZTT_Library.DbLib
Replace Part SW3 SENSOR_SPRING in C:\Users\kochn\Desktop\inprogress\BOARDS\Convector_digit\Convector_digit.SchDoc with SENSOR_SPRING from IZTT_Library.DbLib
Replace Part SW4 SENSOR_SPRING in C:\Users\kochn\Desktop\inprogress\BOARDS\Convector_digit\Convector_digit.SchDoc with SENSOR_SPRING from IZTT_Library.DbLib
Replace Part VD1 Diode in C:\Users\kochn\Desktop\inprogress\BOARDS\Convector_digit\Convector_digit.SchDoc with Diode from IZTT_Library.DbLib
Replace Part VT1 N-MOS in C:\Users\kochn\Desktop\inprogress\BOARDS\Convector_digit\Convector_digit.SchDoc with N-MOS from IZTT_Library.DbLib
Replace Part VT2 N-MOS in C:\Users\kochn\Desktop\inprogress\BOARDS\Convector_digit\Convector_digit.SchDoc with N-MOS from IZTT_Library.DbLib
Replace Part XP1 MALE_6PIN in C:\Users\kochn\Desktop\inprogress\BOARDS\Convector_digit\Convector_digit.SchDoc with MALE_6PIN from IZTT_Library.DbLib
Replace Part XP2 MALE_6PIN in C:\Users\kochn\Desktop\inprogress\BOARDS\Convector_digit\Convector_digit.SchDoc with MALE_6PIN from IZTT_Library.DbLib
Replace Part ZQ1 QUARTZ in C:\Users\kochn\Desktop\inprogress\BOARDS\Convector_digit\Convector_digit.SchDoc with QUARTZ from IZTT_Library.DbLib
